<?xml version="1.0" encoding="UTF-8"?>
<!-- Generated by org.testng.reporters.JUnitXMLReporter -->
<testsuite ignored="2" hostname="DESKTOP-2JJ4VBK" failures="0" tests="2" name="FlipKart tests" time="20.218" errors="0" timestamp="2025-06-30T08:58:50 IST">
  <testcase classname="com.TestNG.Assignment.A29_Flipkart" name="clickOnGrocery" time="2.707"/>
  <testcase classname="com.TestNG.Assignment.A29_Flipkart" name="clickOnFlightBookings" time="2.929"/>
  <testcase classname="com.TestNG.Assignment.A29_Flipkart" name="clickOnAppliances" time="0.0">
    <ignored/>
  </testcase> <!-- clickOnAppliances -->
  <testcase classname="com.TestNG.Assignment.A29_Flipkart" name="clickOnMobiles" time="0.0">
    <ignored/>
  </testcase> <!-- clickOnMobiles -->
</testsuite> <!-- FlipKart tests -->
