<?xml version="1.0" encoding="UTF-8"?>
<!-- Generated by org.testng.reporters.JUnitXMLReporter -->
<testsuite ignored="1" hostname="DESKTOP-2JJ4VBK" failures="0" tests="3" name="Flipkart Test" time="24.367" errors="0" timestamp="2025-06-28T10:29:53 IST">
  <testcase classname="com.TestNG.Assignment.A29_Flipkart" name="clickOnGrocery" time="2.026"/>
  <testcase classname="com.TestNG.Assignment.A29_Flipkart" name="clickOnMobiles" time="3.056"/>
  <testcase classname="com.TestNG.Assignment.A29_Flipkart" name="clickOnFlightBookings" time="3.073"/>
  <testcase classname="com.TestNG.Assignment.A29_Flipkart" name="clickOnAppliances" time="0.0">
    <ignored/>
  </testcase> <!-- clickOnAppliances -->
</testsuite> <!-- Flipkart Test -->
