<?xml version="1.0" encoding="UTF-8"?>
<!-- Generated by org.testng.reporters.JUnitXMLReporter -->
<testsuite ignored="0" hostname="DESKTOP-2JJ4VBK" failures="0" tests="4" name="Execution 4 test cases parallely" time="31.13" errors="0" timestamp="2025-07-03T16:58:10 IST">
  <testcase classname="com.TestNG.D02OnlineShopping_Priority" name="testFlipkart" time="9.323"/>
  <testcase classname="com.TestNG.D02OnlineShopping_Priority" name="testDecathlon" time="6.418"/>
  <testcase classname="com.TestNG.D02OnlineShopping_Priority" name="testAmazon" time="5.137"/>
  <testcase classname="com.TestNG.D02OnlineShopping_Priority" name="testMyntra" time="10.106"/>
</testsuite> <!-- Execution 4 test cases parallely -->
