<?xml version="1.0" encoding="UTF-8"?>
<!-- Generated by org.testng.reporters.JUnitXMLReporter -->
<testsuite ignored="0" hostname="DESKTOP-2JJ4VBK" failures="0" tests="4" name="Default test" time="33.524" errors="0" timestamp="2025-07-10T20:20:16 IST">
  <testcase classname="com.TestNG.D14_LoginToOHRM_DDF" name="f" time="2.532"/>
  <testcase classname="com.TestNG.D14_LoginToOHRM_DDF" name="f" time="0.876"/>
  <testcase classname="com.TestNG.D14_LoginToOHRM_DDF" name="f" time="0.869"/>
  <testcase classname="com.TestNG.D14_LoginToOHRM_DDF" name="f" time="0.881"/>
</testsuite> <!-- Default test -->
