<?xml version="1.0" encoding="UTF-8"?>
<!-- Generated by org.testng.reporters.JUnitXMLReporter -->
<testsuite ignored="0" hostname="DESKTOP-2JJ4VBK" failures="0" tests="4" name="Default test" time="27.897" errors="0" timestamp="2025-07-08T11:12:07 IST">
  <testcase classname="com.TestNG.D14_LoginToOHRM_DDF" name="f" time="3.226"/>
  <testcase classname="com.TestNG.D14_LoginToOHRM_DDF" name="f" time="1.98"/>
  <testcase classname="com.TestNG.D14_LoginToOHRM_DDF" name="f" time="2.504"/>
  <testcase classname="com.TestNG.D14_LoginToOHRM_DDF" name="f" time="1.102"/>
</testsuite> <!-- Default test -->
