<?xml version="1.0" encoding="UTF-8"?>
<!-- Generated by org.testng.reporters.JUnitXMLReporter -->
<testsuite ignored="3" hostname="DESKTOP-2JJ4VBK" failures="0" tests="1" name="Flipkart Test" time="12.017" errors="0" timestamp="2025-06-28T10:32:39 IST">
  <testcase classname="com.TestNG.Assignment.A29_Flipkart" name="clickOnMobiles" time="2.687"/>
  <testcase classname="com.TestNG.Assignment.A29_Flipkart" name="clickOnFlightBookings" time="0.0">
    <ignored/>
  </testcase> <!-- clickOnFlightBookings -->
  <testcase classname="com.TestNG.Assignment.A29_Flipkart" name="clickOnGrocery" time="0.0">
    <ignored/>
  </testcase> <!-- clickOnGrocery -->
  <testcase classname="com.TestNG.Assignment.A29_Flipkart" name="clickOnAppliances" time="0.0">
    <ignored/>
  </testcase> <!-- clickOnAppliances -->
</testsuite> <!-- Flipkart Test -->
