<?xml version="1.0" encoding="UTF-8"?>
<testng-results ignored="0" total="4" passed="4" failed="0" skipped="0">
  <reporter-output>
  </reporter-output>
  <suite started-at="2025-07-10T20:19:43 IST" name="Default suite" finished-at="2025-07-10T20:20:16 IST" duration-ms="33524">
    <groups>
    </groups>
    <test started-at="2025-07-10T20:19:43 IST" name="Default test" finished-at="2025-07-10T20:20:16 IST" duration-ms="33524">
      <class name="com.TestNG.D14_LoginToOHRM_DDF">
        <test-method is-config="true" signature="beforeTest()[pri:0, instance:com.TestNG.D14_LoginToOHRM_DDF@3ad83a66]" started-at="2025-07-10T20:19:43 IST" name="beforeTest" finished-at="2025-07-10T20:20:03 IST" duration-ms="20491" status="PASS">
          <reporter-output>
          </reporter-output>
        </test-method> <!-- beforeTest -->
        <test-method signature="f(java.lang.String,java.lang.String)[pri:0, instance:com.TestNG.D14_LoginToOHRM_DDF@3ad83a66]" started-at="2025-07-10T20:20:03 IST" name="f" data-provider="dp" finished-at="2025-07-10T20:20:06 IST" duration-ms="2532" status="PASS">
          <params>
            <param index="0">
              <value>
                <![CDATA[Admin]]>
              </value>
            </param>
            <param index="1">
              <value>
                <![CDATA[admin123]]>
              </value>
            </param>
          </params>
          <reporter-output>
          </reporter-output>
        </test-method> <!-- f -->
        <test-method is-config="true" signature="afterMethod()[pri:0, instance:com.TestNG.D14_LoginToOHRM_DDF@3ad83a66]" started-at="2025-07-10T20:20:06 IST" name="afterMethod" finished-at="2025-07-10T20:20:08 IST" duration-ms="2469" status="PASS">
          <reporter-output>
          </reporter-output>
        </test-method> <!-- afterMethod -->
        <test-method signature="f(java.lang.String,java.lang.String)[pri:0, instance:com.TestNG.D14_LoginToOHRM_DDF@3ad83a66]" started-at="2025-07-10T20:20:08 IST" name="f" data-provider="dp" finished-at="2025-07-10T20:20:09 IST" duration-ms="876" status="PASS">
          <params>
            <param index="0">
              <value>
                <![CDATA[Vinayak]]>
              </value>
            </param>
            <param index="1">
              <value>
                <![CDATA[vinayak123]]>
              </value>
            </param>
          </params>
          <reporter-output>
          </reporter-output>
        </test-method> <!-- f -->
        <test-method is-config="true" signature="afterMethod()[pri:0, instance:com.TestNG.D14_LoginToOHRM_DDF@3ad83a66]" started-at="2025-07-10T20:20:09 IST" name="afterMethod" finished-at="2025-07-10T20:20:10 IST" duration-ms="774" status="PASS">
          <reporter-output>
          </reporter-output>
        </test-method> <!-- afterMethod -->
        <test-method signature="f(java.lang.String,java.lang.String)[pri:0, instance:com.TestNG.D14_LoginToOHRM_DDF@3ad83a66]" started-at="2025-07-10T20:20:10 IST" name="f" data-provider="dp" finished-at="2025-07-10T20:20:11 IST" duration-ms="869" status="PASS">
          <params>
            <param index="0">
              <value>
                <![CDATA[Admin]]>
              </value>
            </param>
            <param index="1">
              <value>
                <![CDATA[admin123]]>
              </value>
            </param>
          </params>
          <reporter-output>
          </reporter-output>
        </test-method> <!-- f -->
        <test-method is-config="true" signature="afterMethod()[pri:0, instance:com.TestNG.D14_LoginToOHRM_DDF@3ad83a66]" started-at="2025-07-10T20:20:11 IST" name="afterMethod" finished-at="2025-07-10T20:20:14 IST" duration-ms="2977" status="PASS">
          <reporter-output>
          </reporter-output>
        </test-method> <!-- afterMethod -->
        <test-method signature="f(java.lang.String,java.lang.String)[pri:0, instance:com.TestNG.D14_LoginToOHRM_DDF@3ad83a66]" started-at="2025-07-10T20:20:14 IST" name="f" data-provider="dp" finished-at="2025-07-10T20:20:15 IST" duration-ms="881" status="PASS">
          <params>
            <param index="0">
              <value>
                <![CDATA[Pravin]]>
              </value>
            </param>
            <param index="1">
              <value>
                <![CDATA[pravin123]]>
              </value>
            </param>
          </params>
          <reporter-output>
          </reporter-output>
        </test-method> <!-- f -->
        <test-method is-config="true" signature="afterMethod()[pri:0, instance:com.TestNG.D14_LoginToOHRM_DDF@3ad83a66]" started-at="2025-07-10T20:20:15 IST" name="afterMethod" finished-at="2025-07-10T20:20:16 IST" duration-ms="799" status="PASS">
          <reporter-output>
          </reporter-output>
        </test-method> <!-- afterMethod -->
        <test-method is-config="true" signature="afterTest()[pri:0, instance:com.TestNG.D14_LoginToOHRM_DDF@3ad83a66]" started-at="2025-07-10T20:20:16 IST" name="afterTest" finished-at="2025-07-10T20:20:16 IST" duration-ms="704" status="PASS">
          <reporter-output>
          </reporter-output>
        </test-method> <!-- afterTest -->
      </class> <!-- com.TestNG.D14_LoginToOHRM_DDF -->
    </test> <!-- Default test -->
  </suite> <!-- Default suite -->
</testng-results>
