<?xml version="1.0" encoding="UTF-8"?>
<testng-results ignored="0" total="1" passed="1" failed="0" skipped="0">
  <reporter-output>
  </reporter-output>
  <suite started-at="2025-07-04T17:05:08 IST" name="Default suite" finished-at="2025-07-04T17:06:02 IST" duration-ms="54752">
    <groups>
    </groups>
    <test started-at="2025-07-04T17:05:08 IST" name="Default test" finished-at="2025-07-04T17:06:02 IST" duration-ms="54752">
      <class name="com.TestNG.Assignment.A32_OHRM_Client">
        <test-method is-config="true" signature="openBrowser()[pri:0, instance:com.TestNG.Assignment.A32_OHRM_Client@6b695b06]" started-at="2025-07-04T17:05:08 IST" name="openBrowser" finished-at="2025-07-04T17:05:17 IST" duration-ms="9567" status="PASS">
          <reporter-output>
          </reporter-output>
        </test-method> <!-- openBrowser -->
        <test-method signature="orangeHRMlogin()[pri:0, instance:com.TestNG.Assignment.A32_OHRM_Client@6b695b06]" started-at="2025-07-04T17:05:17 IST" name="orangeHRMlogin" finished-at="2025-07-04T17:06:02 IST" duration-ms="44779" status="PASS">
          <reporter-output>
          </reporter-output>
        </test-method> <!-- orangeHRMlogin -->
        <test-method is-config="true" signature="afterTest()[pri:0, instance:com.TestNG.Assignment.A32_OHRM_Client@6b695b06]" started-at="2025-07-04T17:06:02 IST" name="afterTest" finished-at="2025-07-04T17:06:02 IST" duration-ms="300" status="PASS">
          <reporter-output>
          </reporter-output>
        </test-method> <!-- afterTest -->
      </class> <!-- com.TestNG.Assignment.A32_OHRM_Client -->
    </test> <!-- Default test -->
  </suite> <!-- Default suite -->
</testng-results>
