<?xml version="1.0" encoding="UTF-8"?>
<!-- Generated by org.testng.reporters.JUnitXMLReporter -->
<testsuite ignored="0" hostname="DESKTOP-2JJ4VBK" failures="0" tests="8" name="FlipkartX01_ExecuteSingleTest.xml Test" time="56.54" errors="0" timestamp="2025-06-28T10:41:29 IST">
  <testcase classname="com.TestNG.Assignment.A29_Flipkart" name="clickOnGrocery" time="2.59"/>
  <testcase classname="com.TestNG.Assignment.A29_Flipkart" name="clickOnMobiles" time="3.295"/>
  <testcase classname="com.TestNG.Assignment.A29_Flipkart" name="clickOnAppliances" time="2.292"/>
  <testcase classname="com.TestNG.Assignment.A29_Flipkart" name="clickOnFlightBookings" time="2.856"/>
  <testcase classname="com.TestNG.D05_DataProviderDemo" name="loginToOHRM" time="2.093"/>
  <testcase classname="com.TestNG.D05_DataProviderDemo" name="loginToOHRM" time="0.965"/>
  <testcase classname="com.TestNG.D05_DataProviderDemo" name="loginToOHRM" time="1.79"/>
  <testcase classname="com.TestNG.D05_DataProviderDemo" name="loginToOHRM" time="0.87"/>
</testsuite> <!-- FlipkartX01_ExecuteSingleTest.xml Test -->
