<?xml version="1.0" encoding="UTF-8"?>
<!-- Generated by org.testng.reporters.JUnitXMLReporter -->
<testsuite ignored="1" hostname="DESKTOP-2JJ4VBK" failures="0" tests="3" name="Multiple Test" time="24.071" errors="0" timestamp="2025-06-28T10:23:00 IST">
  <testcase classname="com.TestNG.Assignment.A29_Flipkart" name="clickOnGrocery" time="2.189"/>
  <testcase classname="com.TestNG.Assignment.A29_Flipkart" name="clickOnAppliances" time="3.224"/>
  <testcase classname="com.TestNG.Assignment.A29_Flipkart" name="clickOnFlightBookings" time="3.166"/>
  <testcase classname="com.TestNG.Assignment.A29_Flipkart" name="clickOnMobiles" time="0.0">
    <ignored/>
  </testcase> <!-- clickOnMobiles -->
</testsuite> <!-- Multiple Test -->
