<?xml version="1.0" encoding="UTF-8"?>
<!-- Generated by org.testng.reporters.JUnitXMLReporter -->
<testsuite ignored="3" hostname="DESKTOP-2JJ4VBK" failures="0" tests="1" name="Single Test" time="13.84" errors="0" timestamp="2025-06-28T10:18:46 IST">
  <testcase classname="com.TestNG.Assignment.A29_Flipkart" name="clickOnAppliances" time="3.171"/>
  <testcase classname="com.TestNG.Assignment.A29_Flipkart" name="clickOnGrocery" time="0.0">
    <ignored/>
  </testcase> <!-- clickOnGrocery -->
  <testcase classname="com.TestNG.Assignment.A29_Flipkart" name="clickOnMobiles" time="0.0">
    <ignored/>
  </testcase> <!-- clickOnMobiles -->
  <testcase classname="com.TestNG.Assignment.A29_Flipkart" name="clickOnFlightBookings" time="0.0">
    <ignored/>
  </testcase> <!-- clickOnFlightBookings -->
</testsuite> <!-- Single Test -->
