<?xml version="1.0" encoding="UTF-8"?>
<!-- Generated by org.testng.reporters.JUnitReportReporter -->
<testsuite hostname="DESKTOP-2JJ4VBK" failures="0" tests="2" name="com.TestNG.Assignment.A31_RediffusingpropertiesFile" time="5.810" errors="0" timestamp="2025-07-02T19:02:52 IST" skipped="0">
  <testcase classname="com.TestNG.Assignment.A31_RediffusingpropertiesFile" name="rediffRegistration2" time="2.767"/>
  <testcase classname="com.TestNG.Assignment.A31_RediffusingpropertiesFile" name="rediffRegistration1" time="3.043"/>
</testsuite> <!-- com.TestNG.Assignment.A31_RediffusingpropertiesFile -->
