<?xml version="1.0" encoding="UTF-8"?>
<!-- Generated by org.testng.reporters.JUnitReportReporter -->
<testsuite hostname="DESKTOP-2JJ4VBK" failures="0" tests="4" name="com.TestNG.D02OnlineShopping_Priority" time="39.709" errors="0" timestamp="2025-06-26T10:07:43 IST" skipped="0">
  <testcase classname="com.TestNG.D02OnlineShopping_Priority" name="testFlipkart" time="9.460"/>
  <testcase classname="com.TestNG.D02OnlineShopping_Priority" name="testDecathlon" time="10.268"/>
  <testcase classname="com.TestNG.D02OnlineShopping_Priority" name="testAmazon" time="8.037"/>
  <testcase classname="com.TestNG.D02OnlineShopping_Priority" name="testMyntra" time="11.944"/>
</testsuite> <!-- com.TestNG.D02OnlineShopping_Priority -->
