<?xml version="1.0" encoding="UTF-8"?>
<!-- Generated by org.testng.reporters.JUnitReportReporter -->
<testsuite hostname="DESKTOP-2JJ4VBK" failures="0" tests="4" name="com.TestNG.D05_DataProvideDemo" time="14.077" errors="0" timestamp="2025-06-27T10:21:35 IST" skipped="0">
  <testcase classname="com.TestNG.D05_DataProvideDemo" name="loginToOHRM" time="2.309"/>
  <testcase classname="com.TestNG.D05_DataProvideDemo" name="loginToOHRM" time="2.214"/>
  <testcase classname="com.TestNG.D05_DataProvideDemo" name="loginToOHRM" time="4.408"/>
  <testcase classname="com.TestNG.D05_DataProvideDemo" name="loginToOHRM" time="5.146"/>
</testsuite> <!-- com.TestNG.D05_DataProvideDemo -->
