<?xml version="1.0" encoding="UTF-8"?>
<!-- Generated by org.testng.reporters.JUnitReportReporter -->
<testsuite hostname="DESKTOP-2JJ4VBK" failures="0" tests="2" name="com.TestNG.Assignment.A31_RediffusingpropertiesFile" time="6.133" errors="0" timestamp="2025-07-05T09:28:27 IST" skipped="0">
  <testcase classname="com.TestNG.Assignment.A31_RediffusingpropertiesFile" name="rediffRegistration1" time="3.455"/>
  <testcase classname="com.TestNG.Assignment.A31_RediffusingpropertiesFile" name="rediffRegistration2" time="2.678"/>
</testsuite> <!-- com.TestNG.Assignment.A31_RediffusingpropertiesFile -->
