<?xml version="1.0" encoding="UTF-8"?>
<!-- Generated by org.testng.reporters.JUnitReportReporter -->
<testsuite hostname="DESKTOP-2JJ4VBK" failures="0" tests="4" name="com.TestNG.D03_Before_AfterTest" time="22.911" errors="0" timestamp="2025-06-26T10:26:26 IST" skipped="0">
  <testcase classname="com.TestNG.D03_Before_AfterTest" name="testFlipkart" time="4.591"/>
  <testcase classname="com.TestNG.D03_Before_AfterTest" name="testDecathlon" time="2.754"/>
  <testcase classname="com.TestNG.D03_Before_AfterTest" name="testAmazon" time="6.663"/>
  <testcase classname="com.TestNG.D03_Before_AfterTest" name="testMyntra" time="8.903"/>
</testsuite> <!-- com.TestNG.D03_Before_AfterTest -->
