<?xml version="1.0" encoding="UTF-8"?>
<!-- Generated by org.testng.reporters.JUnitReportReporter -->
<testsuite hostname="DESKTOP-2JJ4VBK" failures="0" tests="2" name="com.TestNG.Assignment.A30_RediffRegistration" time="35.279" errors="0" timestamp="2025-07-02T16:10:17 IST" skipped="0">
  <testcase classname="com.TestNG.Assignment.A30_RediffRegistration" name="createAccount" time="17.429"/>
  <testcase classname="com.TestNG.Assignment.A30_RediffRegistration" name="createAccount" time="17.850"/>
</testsuite> <!-- com.TestNG.Assignment.A30_RediffRegistration -->
