<?xml version="1.0" encoding="UTF-8"?>
<!-- Generated by org.testng.reporters.JUnitReportReporter -->
<testsuite hostname="DESKTOP-2JJ4VBK" failures="0" tests="4" name="com.TestNG.D04_Before_AfterMethod" time="28.772" errors="0" timestamp="2025-06-26T10:41:37 IST" skipped="0">
  <testcase classname="com.TestNG.D04_Before_AfterMethod" name="testFlipkart" time="5.514"/>
  <testcase classname="com.TestNG.D04_Before_AfterMethod" name="testDecathlon" time="3.335"/>
  <testcase classname="com.TestNG.D04_Before_AfterMethod" name="testAmazon" time="9.172"/>
  <testcase classname="com.TestNG.D04_Before_AfterMethod" name="testMyntra" time="10.751"/>
</testsuite> <!-- com.TestNG.D04_Before_AfterMethod -->
