<?xml version="1.0" encoding="UTF-8"?>
<!-- Generated by org.testng.reporters.JUnitReportReporter -->
<testsuite hostname="DESKTOP-2JJ4VBK" failures="0" tests="4" name="com.TestNG.D14_LoginToOHRM_DDF" time="15.686" errors="0" timestamp="2025-07-08T11:12:07 IST" skipped="0">
  <testcase classname="com.TestNG.D14_LoginToOHRM_DDF" name="f" time="5.227"/>
  <testcase classname="com.TestNG.D14_LoginToOHRM_DDF" name="f" time="3.819"/>
  <testcase classname="com.TestNG.D14_LoginToOHRM_DDF" name="f" time="3.259"/>
  <testcase classname="com.TestNG.D14_LoginToOHRM_DDF" name="f" time="3.381"/>
</testsuite> <!-- com.TestNG.D14_LoginToOHRM_DDF -->
