<?xml version="1.0" encoding="UTF-8"?>
<!-- Generated by org.testng.reporters.JUnitReportReporter -->
<testsuite hostname="DESKTOP-2JJ4VBK" failures="0" tests="5" name="com.TestNG.D12_WriteMultipleDatausingDataProvider" time="0.091" errors="0" timestamp="2025-07-05T09:57:38 IST" skipped="0">
  <testcase classname="com.TestNG.D12_WriteMultipleDatausingDataProvider" name="writeLoginData" time="0.016"/>
  <testcase classname="com.TestNG.D12_WriteMultipleDatausingDataProvider" name="writeLoginData" time="0.013"/>
  <testcase classname="com.TestNG.D12_WriteMultipleDatausingDataProvider" name="writeLoginData" time="0.015"/>
  <testcase classname="com.TestNG.D12_WriteMultipleDatausingDataProvider" name="writeLoginData" time="0.018"/>
  <testcase classname="com.TestNG.D12_WriteMultipleDatausingDataProvider" name="writeLoginData" time="0.029"/>
</testsuite> <!-- com.TestNG.D12_WriteMultipleDatausingDataProvider -->
