<?xml version="1.0" encoding="UTF-8"?>
<!-- Generated by org.testng.reporters.JUnitReportReporter -->
<testsuite hostname="DESKTOP-2JJ4VBK" failures="0" tests="4" name="com.TestNG.D05_DataProviderDemo" time="13.262" errors="0" timestamp="2025-06-28T10:41:29 IST" skipped="0">
  <testcase classname="com.TestNG.D05_DataProviderDemo" name="loginToOHRM" time="3.802"/>
  <testcase classname="com.TestNG.D05_DataProviderDemo" name="loginToOHRM" time="3.426"/>
  <testcase classname="com.TestNG.D05_DataProviderDemo" name="loginToOHRM" time="2.122"/>
  <testcase classname="com.TestNG.D05_DataProviderDemo" name="loginToOHRM" time="3.912"/>
</testsuite> <!-- com.TestNG.D05_DataProviderDemo -->
