<?xml version="1.0" encoding="UTF-8"?>
<!-- Generated by org.testng.reporters.JUnitReportReporter -->
<testsuite hostname="DESKTOP-2JJ4VBK" failures="0" tests="2" name="com.TestNG.Assignment.A29_Flipkart" time="13.903" errors="0" timestamp="2025-06-30T08:58:51 IST" skipped="0">
  <testcase classname="com.TestNG.Assignment.A29_Flipkart" name="clickOnGrocery" time="7.084"/>
  <testcase classname="com.TestNG.Assignment.A29_Flipkart" name="clickOnFlightBookings" time="6.819"/>
</testsuite> <!-- com.TestNG.Assignment.A29_Flipkart -->
