<?xml version="1.0" encoding="UTF-8"?>
<!-- Generated by org.testng.reporters.JUnitReportReporter -->
<testsuite hostname="DESKTOP-2JJ4VBK" failures="0" tests="2" name="com.TestNG.Assignment.A30_RediffRegistration" time="9.803" errors="0" timestamp="2025-06-28T08:45:16 IST" skipped="0">
  <testcase classname="com.TestNG.Assignment.A30_RediffRegistration" name="createAccount" time="4.860"/>
  <testcase classname="com.TestNG.Assignment.A30_RediffRegistration" name="createAccount" time="4.943"/>
</testsuite> <!-- com.TestNG.Assignment.A30_RediffRegistration -->
