<?xml version="1.0" encoding="UTF-8"?>
<!-- Generated by org.testng.reporters.JUnitReportReporter -->
<testsuite hostname="DESKTOP-2JJ4VBK" failures="0" tests="2" name="com.TestNG.D13_ReadFromExcel" time="0.027" errors="0" timestamp="2025-07-05T10:39:48 IST" skipped="1">
  <testcase classname="com.TestNG.D13_ReadFromExcel" name="readSingleRow" time="0.027"/>
  <testcase classname="com.TestNG.D13_ReadFromExcel" name="readAllExcelData">
    <skipped/>
  </testcase> <!-- readAllExcelData -->
</testsuite> <!-- com.TestNG.D13_ReadFromExcel -->
