<?xml version="1.0" encoding="UTF-8"?>
<!-- Generated by org.testng.reporters.JUnitReportReporter -->
<testsuite hostname="DESKTOP-2JJ4VBK" failures="0" tests="4" name="com.TestNG.D14_LoginToOHRM_DDF" time="12.177" errors="0" timestamp="2025-07-10T20:20:17 IST" skipped="0">
  <testcase classname="com.TestNG.D14_LoginToOHRM_DDF" name="f" time="1.650"/>
  <testcase classname="com.TestNG.D14_LoginToOHRM_DDF" name="f" time="1.668"/>
  <testcase classname="com.TestNG.D14_LoginToOHRM_DDF" name="f" time="5.001"/>
  <testcase classname="com.TestNG.D14_LoginToOHRM_DDF" name="f" time="3.858"/>
</testsuite> <!-- com.TestNG.D14_LoginToOHRM_DDF -->
